{"name": "test_Purchase", "status": "failed", "statusDetails": {"message": "AssertionError: assert '×\\nSuccess! ...ew weeks :-).' == 'abc'\n  - abc\n  + ×\n  + Success! Thank you! Your order will be delivered in next few weeks :-).", "trace": "self = <test.login_test.TestEcom object at 0x03B31268>\n\n    def test_Purchase(self):\n        try:\n            driver=self.driver\n            purchase=PurchasePage(driver)\n            purchase.Country_name(utils.country)\n            time.sleep(5)\n            purchase.Select_country()\n            purchase.Check_Box()\n            purchase.Purchase_button()\n            purchase.Succesfull_meassage()\n>           assert purchase.Succesfull_meassage()==\"abc\"\nE           AssertionError: assert '×\\nSuccess! ...ew weeks :-).' == 'abc'\nE             - abc\nE             + ×\nE             + Success! Thank you! Your order will be delivered in next few weeks :-).\n\ntest\\login_test.py:39: AssertionError"}, "attachments": [{"name": "screenshot11-00-32 : 10-09-20", "source": "ffa927db-e904-4064-ad0f-85e4f64b1b8c-attachment.png", "type": "image/png"}, {"name": "stdout", "source": "41ab4c53-dd34-4b19-aef9-2c85edb5082f-attachment.txt", "type": "text/plain"}], "start": 1599715826460, "stop": 1599715832581, "uuid": "3f5e9e88-59a8-4b0e-a819-d2e90622b172", "historyId": "f799fd985fc184b4e5891fe17c40e80f", "testCaseId": "9003d728021a756ce7dd750903dcb85b", "fullName": "test.login_test.TestEcom#test_Purchase", "labels": [{"name": "tag", "value": "@pytest.mark.usefixtures('test_setup')"}, {"name": "parentSuite", "value": "test"}, {"name": "suite", "value": "login_test"}, {"name": "subSuite", "value": "TestEcom"}, {"name": "host", "value": "DESKTOP-13H5E9N"}, {"name": "thread", "value": "13712-MainThread"}, {"name": "framework", "value": "pytest"}, {"name": "language", "value": "cpython3"}, {"name": "package", "value": "test.login_test"}]}