{"name": "test_Purchase", "status": "failed", "statusDetails": {"message": "AssertionError: assert '×\\nSuccess! ...ew weeks :-).' == 'Success! Tha...ew weeks :-).'\n  + ×\n    Success! Thank you! Your order will be delivered in next few weeks :-).", "trace": "self = <test.login_test.TestEcom object at 0x042C9598>\n\n    def test_Purchase(self):\n        driver=self.driver\n        purchase=PurchasePage(driver)\n        purchase.Country_name(utils.country)\n        time.sleep(5)\n        purchase.Select_country()\n        purchase.Check_Box()\n        purchase.Purchase_button()\n        x=purchase.Succesfull_meassage()\n>       assert x == 'Success! Thank you! Your order will be delivered in next few weeks :-).'\nE       AssertionError: assert '×\\nSuccess! ...ew weeks :-).' == 'Success! Tha...ew weeks :-).'\nE         + ×\nE           Success! Thank you! Your order will be delivered in next few weeks :-).\n\nlogin_test.py:34: AssertionError"}, "attachments": [{"name": "stdout", "source": "433f3e0e-b906-4032-9142-9465fe64f988-attachment.txt", "type": "text/plain"}], "start": 1599221220441, "stop": 1599221226210, "uuid": "a05c6553-bc94-46d2-bac9-d78c70a356a6", "historyId": "5262eb044ff46afbf43e833b879d24de", "testCaseId": "761af3425dbf6a4f5ab906c664ac7ab8", "fullName": "login_test.TestEcom#test_Purchase", "labels": [{"name": "tag", "value": "@pytest.mark.usefixtures('test_setup')"}, {"name": "suite", "value": "login_test"}, {"name": "subSuite", "value": "TestEcom"}, {"name": "host", "value": "DESKTOP-13H5E9N"}, {"name": "thread", "value": "7172-MainThread"}, {"name": "framework", "value": "pytest"}, {"name": "language", "value": "cpython3"}, {"name": "package", "value": "login_test"}]}