{"name": "test_Purchase", "status": "failed", "statusDetails": {"message": "AssertionError: assert None == 'abc'", "trace": "self = <test.login_test.TestEcom object at 0x04847310>\n\n    def test_Purchase(self):\n        driver=self.driver\n        purchase=PurchasePage(driver)\n        purchase.Country_name(utils.country)\n        time.sleep(5)\n        purchase.Select_country()\n        purchase.Check_Box()\n        purchase.Purchase_button()\n        x=purchase.Succesfull_meassage()\n>       assert x==\"abc\"\nE       AssertionError: assert None == 'abc'\n\nlogin_test.py:34: AssertionError"}, "attachments": [{"name": "stdout", "source": "48bc14ed-4f5e-48b4-817f-72a54bb462f9-attachment.txt", "type": "text/plain"}], "start": 1599220829780, "stop": 1599220835683, "uuid": "b7292354-68c2-484f-b7ce-ef40746b6f06", "historyId": "5262eb044ff46afbf43e833b879d24de", "testCaseId": "761af3425dbf6a4f5ab906c664ac7ab8", "fullName": "login_test.TestEcom#test_Purchase", "labels": [{"name": "tag", "value": "@pytest.mark.usefixtures('test_setup')"}, {"name": "suite", "value": "login_test"}, {"name": "subSuite", "value": "TestEcom"}, {"name": "host", "value": "DESKTOP-13H5E9N"}, {"name": "thread", "value": "9744-MainThread"}, {"name": "framework", "value": "pytest"}, {"name": "language", "value": "cpython3"}, {"name": "package", "value": "login_test"}]}