{"name": "test_Purchase", "status": "failed", "statusDetails": {"message": "AssertionError: assert '×\\nSuccess! ...ew weeks :-).' == 'acvdg'\n  - acvdg\n  + ×\n  + Success! Thank you! Your order will be delivered in next few weeks :-).", "trace": "self = <test.login_test.TestEcom object at 0x043E8C88>\n\n    def test_Purchase(self):\n        try:\n            driver=self.driver\n            purchase=PurchasePage(driver)\n            purchase.Country_name(utils.country)\n            time.sleep(5)\n            purchase.Select_country()\n            purchase.Check_Box()\n            purchase.Purchase_button()\n            x=purchase.Succesfull_meassage()\n>           assert x==\"acvdg\"\nE           AssertionError: assert '×\\nSuccess! ...ew weeks :-).' == 'acvdg'\nE             - acvdg\nE             + ×\nE             + Success! Thank you! Your order will be delivered in next few weeks :-).\n\nlogin_test.py:35: AssertionError"}, "attachments": [{"name": "stdout", "source": "0f022683-0365-4b8d-b221-a4ff6a205cde-attachment.txt", "type": "text/plain"}], "start": 1599222701876, "stop": 1599222707720, "uuid": "04fdfb9d-04f6-460c-894a-0742889c07b8", "historyId": "5262eb044ff46afbf43e833b879d24de", "testCaseId": "761af3425dbf6a4f5ab906c664ac7ab8", "fullName": "login_test.TestEcom#test_Purchase", "labels": [{"name": "tag", "value": "@pytest.mark.usefixtures('test_setup')"}, {"name": "suite", "value": "login_test"}, {"name": "subSuite", "value": "TestEcom"}, {"name": "host", "value": "DESKTOP-13H5E9N"}, {"name": "thread", "value": "11124-MainThread"}, {"name": "framework", "value": "pytest"}, {"name": "language", "value": "cpython3"}, {"name": "package", "value": "login_test"}]}