{"name": "test_Purchase", "status": "failed", "statusDetails": {"message": "AssertionError: assert '×\\nSuccess! ...ew weeks :-).' == 'Success! Tha...ew weeks :-).'\n  + ×\n    Success! Thank you! Your order will be delivered in next few weeks :-).", "trace": "self = <test.login_test.TestEcom object at 0x03FFB490>\n\n    def test_Purchase(self):\n        driver=self.driver\n        purchase=PurchasePage(driver)\n        purchase.Country_name(utils.country)\n        time.sleep(5)\n        purchase.Select_country()\n        purchase.Check_Box()\n        purchase.Purchase_button()\n        x=purchase.Succesfull_meassage()\n>       assert x==\"Success! Thank you! Your order will be delivered in next few weeks :-).\"\nE       AssertionError: assert '×\\nSuccess! ...ew weeks :-).' == 'Success! Tha...ew weeks :-).'\nE         + ×\nE           Success! Thank you! Your order will be delivered in next few weeks :-).\n\nlogin_test.py:34: AssertionError"}, "attachments": [{"name": "stdout", "source": "510d5049-60de-4489-a94c-2b048eac352d-attachment.txt", "type": "text/plain"}], "start": 1599221113802, "stop": 1599221119470, "uuid": "d02683b4-8cbd-4c12-8df5-4a45c4cf0e04", "historyId": "5262eb044ff46afbf43e833b879d24de", "testCaseId": "761af3425dbf6a4f5ab906c664ac7ab8", "fullName": "login_test.TestEcom#test_Purchase", "labels": [{"name": "tag", "value": "@pytest.mark.usefixtures('test_setup')"}, {"name": "suite", "value": "login_test"}, {"name": "subSuite", "value": "TestEcom"}, {"name": "host", "value": "DESKTOP-13H5E9N"}, {"name": "thread", "value": "10712-MainThread"}, {"name": "framework", "value": "pytest"}, {"name": "language", "value": "cpython3"}, {"name": "package", "value": "login_test"}]}