{"name": "test_Purchase", "status": "failed", "statusDetails": {"message": "AssertionError: assert '×\\nSuccess! ...ew weeks :-).' == 'abc'\n  - abc\n  + ×\n  + Success! Thank you! Your order will be delivered in next few weeks :-).", "trace": "self = <test.login_test.TestEcom object at 0x03DAC550>\n\n    def test_Purchase(self):\n        driver=self.driver\n        purchase=PurchasePage(driver)\n        purchase.Country_name(utils.country)\n        time.sleep(5)\n        purchase.Select_country()\n        purchase.Check_Box()\n        purchase.Purchase_button()\n        x=purchase.Succesfull_meassage()\n>       assert x==\"abc\"\nE       AssertionError: assert '×\\nSuccess! ...ew weeks :-).' == 'abc'\nE         - abc\nE         + ×\nE         + Success! Thank you! Your order will be delivered in next few weeks :-).\n\nlogin_test.py:34: AssertionError"}, "attachments": [{"name": "stdout", "source": "703ce9b9-48c7-4ac6-842c-51e1f70ad72f-attachment.txt", "type": "text/plain"}], "start": 1599221018038, "stop": 1599221023973, "uuid": "91260594-8582-40dd-9d7f-709f1e7c4cba", "historyId": "5262eb044ff46afbf43e833b879d24de", "testCaseId": "761af3425dbf6a4f5ab906c664ac7ab8", "fullName": "login_test.TestEcom#test_Purchase", "labels": [{"name": "tag", "value": "@pytest.mark.usefixtures('test_setup')"}, {"name": "suite", "value": "login_test"}, {"name": "subSuite", "value": "TestEcom"}, {"name": "host", "value": "DESKTOP-13H5E9N"}, {"name": "thread", "value": "7936-MainThread"}, {"name": "framework", "value": "pytest"}, {"name": "language", "value": "cpython3"}, {"name": "package", "value": "login_test"}]}