{"name": "test_Purchase", "status": "failed", "statusDetails": {"message": "AssertionError: assert '×\\nSuccess! ...ew weeks :-).' == 'abc'\n  - abc\n  + ×\n  + Success! Thank you! Your order will be delivered in next few weeks :-).", "trace": "self = <test.login_test.TestEcom object at 0x03DDE448>\n\n    def test_Purchase(self):\n        try:\n            driver=self.driver\n            purchase=PurchasePage(driver)\n            purchase.Country_name(utils.country)\n            time.sleep(5)\n            purchase.Select_country()\n            purchase.Check_Box()\n            purchase.Purchase_button()\n            purchase.Succesfull_meassage()\n>           assert purchase.Succesfull_meassage()==\"abc\"\nE           AssertionError: assert '×\\nSuccess! ...ew weeks :-).' == 'abc'\nE             - abc\nE             + ×\nE             + Success! Thank you! Your order will be delivered in next few weeks :-).\n\nlogin_test.py:39: AssertionError"}, "attachments": [{"name": "test_Purchase_11-13-41 : 10-09-20", "source": "248acbfd-e8df-44fe-a041-845922080803-attachment.png", "type": "image/png"}, {"name": "stdout", "source": "6758e0dd-d34d-4053-ae69-fc0265f30fa6-attachment.txt", "type": "text/plain"}], "start": 1599716615419, "stop": 1599716621779, "uuid": "ff97788d-1fe4-486b-a262-c45e6961aefe", "historyId": "5262eb044ff46afbf43e833b879d24de", "testCaseId": "761af3425dbf6a4f5ab906c664ac7ab8", "fullName": "login_test.TestEcom#test_Purchase", "labels": [{"name": "tag", "value": "@pytest.mark.usefixtures('test_setup')"}, {"name": "suite", "value": "login_test"}, {"name": "subSuite", "value": "TestEcom"}, {"name": "host", "value": "DESKTOP-13H5E9N"}, {"name": "thread", "value": "8232-MainThread"}, {"name": "framework", "value": "pytest"}, {"name": "language", "value": "cpython3"}, {"name": "package", "value": "login_test"}]}