{"name": "test_Purchase", "status": "failed", "statusDetails": {"message": "AssertionError: assert '×\\nSuccess! ...ew weeks :-).' == 'abc'\n  - abc\n  + ×\n  + Success! Thank you! Your order will be delivered in next few weeks :-).", "trace": "self = <test.login_test.TestEcom object at 0x04013F58>\n\n    def test_Purchase(self):\n        try:\n            driver=self.driver\n            purchase=PurchasePage(driver)\n            purchase.Country_name(utils.country)\n            time.sleep(5)\n            purchase.Select_country()\n            purchase.Check_Box()\n            purchase.Purchase_button()\n            purchase.Succesfull_meassage()\n>           assert purchase.Succesfull_meassage()==\"abc\"\nE           AssertionError: assert '×\\nSuccess! ...ew weeks :-).' == 'abc'\nE             - abc\nE             + ×\nE             + Success! Thank you! Your order will be delivered in next few weeks :-).\n\nlogin_test.py:36: AssertionError"}, "attachments": [{"name": "screenshot", "source": "8d2a28d3-9e13-4854-bddd-251770e07533-attachment.png", "type": "image/png"}, {"name": "stdout", "source": "b432d774-d12d-4eba-9f42-2f9eb7e1c9df-attachment.txt", "type": "text/plain"}], "start": 1599714053839, "stop": 1599714059845, "uuid": "403a2eea-8b0b-46c0-9c3c-f69a105f6810", "historyId": "5262eb044ff46afbf43e833b879d24de", "testCaseId": "761af3425dbf6a4f5ab906c664ac7ab8", "fullName": "login_test.TestEcom#test_Purchase", "labels": [{"name": "tag", "value": "@pytest.mark.usefixtures('test_setup')"}, {"name": "suite", "value": "login_test"}, {"name": "subSuite", "value": "TestEcom"}, {"name": "host", "value": "DESKTOP-13H5E9N"}, {"name": "thread", "value": "5320-MainThread"}, {"name": "framework", "value": "pytest"}, {"name": "language", "value": "cpython3"}, {"name": "package", "value": "login_test"}]}