{"name": "test_Purchase", "status": "failed", "statusDetails": {"message": "AssertionError: assert '×\\nSuccess! ...ew weeks :-).' == 'abc'\n  - abc\n  + ×\n  + Success! Thank you! Your order will be delivered in next few weeks :-).", "trace": "self = <test.login_test.TestEcom object at 0x03FA4FD0>\n\n    def test_Purchase(self):\n        try:\n            driver=self.driver\n            purchase=PurchasePage(driver)\n            purchase.Country_name(utils.country)\n            time.sleep(5)\n            purchase.Select_country()\n            purchase.Check_Box()\n            purchase.Purchase_button()\n            purchase.Succesfull_meassage()\n>           assert purchase.Succesfull_meassage()==\"abc\"\nE           AssertionError: assert '×\\nSuccess! ...ew weeks :-).' == 'abc'\nE             - abc\nE             + ×\nE             + Success! Thank you! Your order will be delivered in next few weeks :-).\n\nlogin_test.py:35: AssertionError"}, "attachments": [{"name": "stdout", "source": "092ffa51-ac9d-4659-b13e-ecd53312f7c9-attachment.txt", "type": "text/plain"}], "start": 1599713502579, "stop": 1599713508133, "uuid": "370e371a-52dd-4c52-874f-e5ae9a60aeb4", "historyId": "5262eb044ff46afbf43e833b879d24de", "testCaseId": "761af3425dbf6a4f5ab906c664ac7ab8", "fullName": "login_test.TestEcom#test_Purchase", "labels": [{"name": "tag", "value": "@pytest.mark.usefixtures('test_setup')"}, {"name": "suite", "value": "login_test"}, {"name": "subSuite", "value": "TestEcom"}, {"name": "host", "value": "DESKTOP-13H5E9N"}, {"name": "thread", "value": "2536-MainThread"}, {"name": "framework", "value": "pytest"}, {"name": "language", "value": "cpython3"}, {"name": "package", "value": "login_test"}]}