{"name": "test_Purchase", "status": "failed", "statusDetails": {"message": "AssertionError: assert '×\\nSuccess! ...ew weeks :-).' == 'abc'\n  - abc\n  + ×\n  + Success! Thank you! Your order will be delivered in next few weeks :-).", "trace": "self = <test.login_test.TestEcom object at 0x0491E6D0>\n\n    def test_Purchase(self):\n        try:\n            driver=self.driver\n            purchase=PurchasePage(driver)\n            purchase.Country_name(utils.country)\n            time.sleep(5)\n            purchase.Select_country()\n            purchase.Check_Box()\n            purchase.Purchase_button()\n            purchase.Succesfull_meassage()\n>           assert purchase.Succesfull_meassage()==\"abc\"\nE           AssertionError: assert '×\\nSuccess! ...ew weeks :-).' == 'abc'\nE             - abc\nE             + ×\nE             + Success! Thank you! Your order will be delivered in next few weeks :-).\n\nlogin_test.py:39: AssertionError"}, "attachments": [{"name": "screenshot11-02-56 : 10-09-20", "source": "f23ce880-1200-4ac1-a5ef-8941b03af6ee-attachment.png", "type": "image/png"}, {"name": "stdout", "source": "9c45a983-cd19-488e-8dcf-fba6f7bd7723-attachment.txt", "type": "text/plain"}], "start": 1599715970861, "stop": 1599715976862, "uuid": "c8723378-0dcc-4dc3-b28a-33156f2380d2", "historyId": "5262eb044ff46afbf43e833b879d24de", "testCaseId": "761af3425dbf6a4f5ab906c664ac7ab8", "fullName": "login_test.TestEcom#test_Purchase", "labels": [{"name": "tag", "value": "@pytest.mark.usefixtures('test_setup')"}, {"name": "suite", "value": "login_test"}, {"name": "subSuite", "value": "TestEcom"}, {"name": "host", "value": "DESKTOP-13H5E9N"}, {"name": "thread", "value": "9464-MainThread"}, {"name": "framework", "value": "pytest"}, {"name": "language", "value": "cpython3"}, {"name": "package", "value": "login_test"}]}